<?xml version="1.0" encoding="UTF-8"?>
<!-- Generated by org.testng.reporters.JUnitReportReporter -->
<testsuite hostname="Kedar-PC" failures="0" tests="1" name="com.qa.TestRunner" time="6.754" errors="0" timestamp="2021-09-23T09:58:19 IST" skipped="0">
  <testcase classname="com.qa.TestRunner" name="runScenario" time="6.754"/>
  <system-out/>
</testsuite> <!-- com.qa.TestRunner -->
